<?xml version="1.0" encoding="UTF-8"?>
<testsuite xmlns:xsi="http://www.w3.org/2001/XMLSchema-instance" xsi:noNamespaceSchemaLocation="https://maven.apache.org/surefire/maven-surefire-plugin/xsd/surefire-test-report.xsd" name="com.hcl.tree.DataStructuresTests" time="0.009" tests="6" errors="0" skipped="0" failures="0">
  <properties>
[...]
</properties>
  <testcase name="testInOrderTraversalOfTreeWithoutRecursion" classname="com.hcl.tree.DataStructuresTests" time="0.002"/>
  <testcase name="testBreadthFirstTraversalOfTree" classname="com.hcl.tree.DataStructuresTests" time="0.001"/>
  <testcase name="testPreOrderTraversalOfTree" classname="com.hcl.tree.DataStructuresTests" time="0.003"/>
  <testcase name="testPostOrderTraversalOfTree" classname="com.hcl.tree.DataStructuresTests" time="0"/>
  <testcase name="testInOrderTraversalOfTree" classname="com.hcl.tree.DataStructuresTests" time="0"/>
  <testcase name="givenABinaryTreeWhenAddingElementsTestForThoseElements" classname="com.hcl.tree.DataStructuresTests" time="0.001"/>
</testsuite>